Flow report for DE2_115_GOLDEN_TOP
Wed Dec 05 12:38:54 2012
Quartus II 32-bit Version 12.1 Build 177 11/07/2012 SJ Web Edition


---------------------
; Table of Contents ;
---------------------
  1. Legal Notice
  2. Flow Summary
  3. Flow Settings
  4. Flow Non-Default Global Settings
  5. Flow Elapsed Time
  6. Flow OS Summary
  7. Flow Log



----------------
; Legal Notice ;
----------------
Copyright (C) 1991-2012 Altera Corporation
Your use of Altera Corporation's design tools, logic functions 
and other software and tools, and its AMPP partner logic 
functions, and any output files from any of the foregoing 
(including device programming or simulation files), and any 
associated documentation or information are expressly subject 
to the terms and conditions of the Altera Program License 
Subscription Agreement, Altera MegaCore Function License 
Agreement, or other applicable license agreement, including, 
without limitation, that your use is for the sole purpose of 
programming logic devices manufactured by Altera and sold by 
Altera or its authorized distributors.  Please refer to the 
applicable agreement for further details.



+-------------------------------------------------------------------------------+
; Flow Summary                                                                  ;
+------------------------------------+------------------------------------------+
; Flow Status                        ; Successful - Wed Dec 05 12:38:42 2012    ;
; Quartus II 32-bit Version          ; 12.1 Build 177 11/07/2012 SJ Web Edition ;
; Revision Name                      ; DE2_115_GOLDEN_TOP                       ;
; Top-level Entity Name              ; DE2_115_GOLDEN_TOP                       ;
; Family                             ; Cyclone IV E                             ;
; Device                             ; EP4CE115F29C7                            ;
; Timing Models                      ; Final                                    ;
; Total logic elements               ; 0 / 114,480 ( 0 % )                      ;
;     Total combinational functions  ; 0 / 114,480 ( 0 % )                      ;
;     Dedicated logic registers      ; 0 / 114,480 ( 0 % )                      ;
; Total registers                    ; 0                                        ;
; Total pins                         ; 525 / 529 ( 99 % )                       ;
; Total virtual pins                 ; 0                                        ;
; Total memory bits                  ; 0 / 3,981,312 ( 0 % )                    ;
; Embedded Multiplier 9-bit elements ; 0 / 532 ( 0 % )                          ;
; Total PLLs                         ; 0 / 4 ( 0 % )                            ;
+------------------------------------+------------------------------------------+


+-----------------------------------------+
; Flow Settings                           ;
+-------------------+---------------------+
; Option            ; Setting             ;
+-------------------+---------------------+
; Start date & time ; 12/05/2012 12:37:53 ;
; Main task         ; Compilation         ;
; Revision Name     ; DE2_115_GOLDEN_TOP  ;
+-------------------+---------------------+


+---------------------------------------------------------------------------------------------------------------------------------------------------------+
; Flow Non-Default Global Settings                                                                                                                        ;
+-------------------------------------+------------------------------------------------------------------------+---------------+-------------+------------+
; Assignment Name                     ; Value                                                                  ; Default Value ; Entity Name ; Section Id ;
+-------------------------------------+------------------------------------------------------------------------+---------------+-------------+------------+
; COMPILER_SIGNATURE_ID               ; 154659661916589.135467147306800                                        ; --            ; --          ; --         ;
; MAX_CORE_JUNCTION_TEMP              ; 85                                                                     ; --            ; --          ; --         ;
; MIN_CORE_JUNCTION_TEMP              ; 0                                                                      ; --            ; --          ; --         ;
; MISC_FILE                           ; D:/svn/DE2_115_GOLDEN_TOP/DE2_115_GOLDEN_TOP.dpf                       ; --            ; --          ; --         ;
; MISC_FILE                           ; D:/Document/de2c4/DE2_115_GOLDEN_TOP/DE2_115_GOLDEN_TOP.dpf            ; --            ; --          ; --         ;
; MISC_FILE                           ; D:/Projects/DE2C4/trunk/test/DE2_115_GOLDEN_TOP/DE2_115_GOLDEN_TOP.dpf ; --            ; --          ; --         ;
; MISC_FILE                           ; D:/Document/de2c4/de2_115_golden_top/DE2_115_GOLDEN_TOP.dpf            ; --            ; --          ; --         ;
; MISC_FILE                           ; E:/SVN/DE2_115/trunk/test/de2_115_golden_top/DE2_115_GOLDEN_TOP.dpf    ; --            ; --          ; --         ;
; NUM_PARALLEL_PROCESSORS             ; 2                                                                      ; --            ; --          ; --         ;
; PARTITION_COLOR                     ; 16764057                                                               ; --            ; --          ; Top        ;
; PARTITION_FITTER_PRESERVATION_LEVEL ; PLACEMENT_AND_ROUTING                                                  ; --            ; --          ; Top        ;
; PARTITION_NETLIST_TYPE              ; SOURCE                                                                 ; --            ; --          ; Top        ;
; SMART_RECOMPILE                     ; On                                                                     ; Off           ; --          ; --         ;
; SOPC_BUILDER_SIGNATURE_ID           ; 002618860F9B000001268748D130                                           ; --            ; --          ; --         ;
+-------------------------------------+------------------------------------------------------------------------+---------------+-------------+------------+


+-------------------------------------------------------------------------------------------------------------------------------+
; Flow Elapsed Time                                                                                                             ;
+---------------------------+--------------+-------------------------+---------------------+------------------------------------+
; Module Name               ; Elapsed Time ; Average Processors Used ; Peak Virtual Memory ; Total CPU Time (on all processors) ;
+---------------------------+--------------+-------------------------+---------------------+------------------------------------+
; Analysis & Synthesis      ; 00:00:01     ; 1.0                     ; 351 MB              ; 00:00:01                           ;
; Fitter                    ; 00:00:32     ; 1.3                     ; 622 MB              ; 00:00:37                           ;
; Assembler                 ; 00:00:12     ; 1.0                     ; 359 MB              ; 00:00:12                           ;
; TimeQuest Timing Analyzer ; 00:00:10     ; 1.0                     ; 414 MB              ; 00:00:10                           ;
; Total                     ; 00:00:55     ; --                      ; --                  ; 00:01:00                           ;
+---------------------------+--------------+-------------------------+---------------------+------------------------------------+


+----------------------------------------------------------------------------------------+
; Flow OS Summary                                                                        ;
+---------------------------+------------------+-----------+------------+----------------+
; Module Name               ; Machine Hostname ; OS Name   ; OS Version ; Processor type ;
+---------------------------+------------------+-----------+------------+----------------+
; Analysis & Synthesis      ; PrestonZhang-PC  ; Windows 7 ; 6.1        ; x86_64         ;
; Fitter                    ; PrestonZhang-PC  ; Windows 7 ; 6.1        ; x86_64         ;
; Assembler                 ; PrestonZhang-PC  ; Windows 7 ; 6.1        ; x86_64         ;
; TimeQuest Timing Analyzer ; PrestonZhang-PC  ; Windows 7 ; 6.1        ; x86_64         ;
+---------------------------+------------------+-----------+------------+----------------+


------------
; Flow Log ;
------------
quartus_map --read_settings_files=on --write_settings_files=off DE2_115_GOLDEN_TOP -c DE2_115_GOLDEN_TOP
quartus_fit --read_settings_files=off --write_settings_files=off DE2_115_GOLDEN_TOP -c DE2_115_GOLDEN_TOP
quartus_asm --read_settings_files=off --write_settings_files=off DE2_115_GOLDEN_TOP -c DE2_115_GOLDEN_TOP
quartus_sta DE2_115_GOLDEN_TOP -c DE2_115_GOLDEN_TOP



