Flow report for Em_Robot
Wed Jan 16 15:46:07 2013
Quartus II 32-bit Version 12.1 Build 177 11/07/2012 SJ Web Edition


---------------------
; Table of Contents ;
---------------------
  1. Legal Notice
  2. Flow Summary
  3. Flow Settings
  4. Flow Non-Default Global Settings
  5. Flow Elapsed Time
  6. Flow OS Summary
  7. Flow Log



----------------
; Legal Notice ;
----------------
Copyright (C) 1991-2012 Altera Corporation
Your use of Altera Corporation's design tools, logic functions 
and other software and tools, and its AMPP partner logic 
functions, and any output files from any of the foregoing 
(including device programming or simulation files), and any 
associated documentation or information are expressly subject 
to the terms and conditions of the Altera Program License 
Subscription Agreement, Altera MegaCore Function License 
Agreement, or other applicable license agreement, including, 
without limitation, that your use is for the sole purpose of 
programming logic devices manufactured by Altera and sold by 
Altera or its authorized distributors.  Please refer to the 
applicable agreement for further details.



+-------------------------------------------------------------------------------+
; Flow Summary                                                                  ;
+------------------------------------+------------------------------------------+
; Flow Status                        ; Successful - Wed Jan 16 15:45:55 2013    ;
; Quartus II 32-bit Version          ; 12.1 Build 177 11/07/2012 SJ Web Edition ;
; Revision Name                      ; Em_Robot                                 ;
; Top-level Entity Name              ; Em_Robot                                 ;
; Family                             ; Cyclone IV E                             ;
; Device                             ; EP4CE115F29C7                            ;
; Timing Models                      ; Final                                    ;
; Total logic elements               ; 1,587 / 114,480 ( 1 % )                  ;
;     Total combinational functions  ; 1,286 / 114,480 ( 1 % )                  ;
;     Dedicated logic registers      ; 1,010 / 114,480 ( < 1 % )                ;
; Total registers                    ; 1010                                     ;
; Total pins                         ; 346 / 529 ( 65 % )                       ;
; Total virtual pins                 ; 0                                        ;
; Total memory bits                  ; 4,864 / 3,981,312 ( < 1 % )              ;
; Embedded Multiplier 9-bit elements ; 0 / 532 ( 0 % )                          ;
; Total PLLs                         ; 1 / 4 ( 25 % )                           ;
+------------------------------------+------------------------------------------+


+-----------------------------------------+
; Flow Settings                           ;
+-------------------+---------------------+
; Option            ; Setting             ;
+-------------------+---------------------+
; Start date & time ; 01/16/2013 15:44:35 ;
; Main task         ; Compilation         ;
; Revision Name     ; Em_Robot            ;
+-------------------+---------------------+


+------------------------------------------------------------------------------------------------------------------------------------------------------------+
; Flow Non-Default Global Settings                                                                                                                           ;
+-------------------------------------+-----------------------------------------------------------------------+---------------+-----------------+------------+
; Assignment Name                     ; Value                                                                 ; Default Value ; Entity Name     ; Section Id ;
+-------------------------------------+-----------------------------------------------------------------------+---------------+-----------------+------------+
; COMPILER_SIGNATURE_ID               ; 154659661916589.135831147505616                                       ; --            ; --              ; --         ;
; ENABLE_SIGNALTAP                    ; On                                                                    ; --            ; --              ; --         ;
; MAX_CORE_JUNCTION_TEMP              ; 85                                                                    ; --            ; --              ; --         ;
; MIN_CORE_JUNCTION_TEMP              ; 0                                                                     ; --            ; --              ; --         ;
; PARTITION_COLOR                     ; 16764057                                                              ; --            ; DE2_115_Default ; Top        ;
; PARTITION_COLOR                     ; 16764057                                                              ; --            ; --              ; Top        ;
; PARTITION_FITTER_PRESERVATION_LEVEL ; PLACEMENT_AND_ROUTING                                                 ; --            ; --              ; Top        ;
; PARTITION_NETLIST_TYPE              ; SOURCE                                                                ; --            ; DE2_115_Default ; Top        ;
; PARTITION_NETLIST_TYPE              ; SOURCE                                                                ; --            ; --              ; Top        ;
; POWER_BOARD_THERMAL_MODEL           ; None (CONSERVATIVE)                                                   ; --            ; --              ; --         ;
; POWER_PRESET_COOLING_SOLUTION       ; 23 MM HEAT SINK WITH 200 LFPM AIRFLOW                                 ; --            ; --              ; --         ;
; PROJECT_OUTPUT_DIRECTORY            ; output_files                                                          ; --            ; --              ; --         ;
; SLD_NODE_CREATOR_ID                 ; 110                                                                   ; --            ; --              ; UartDetect ;
; SLD_NODE_ENTITY_NAME                ; sld_signaltap                                                         ; --            ; --              ; UartDetect ;
; SLD_NODE_PARAMETER_ASSIGNMENT       ; SLD_NODE_INFO=805334528                                               ; --            ; --              ; UartDetect ;
; SLD_NODE_PARAMETER_ASSIGNMENT       ; SLD_POWER_UP_TRIGGER=0                                                ; --            ; --              ; UartDetect ;
; SLD_NODE_PARAMETER_ASSIGNMENT       ; SLD_ATTRIBUTE_MEM_MODE=OFF                                            ; --            ; --              ; UartDetect ;
; SLD_NODE_PARAMETER_ASSIGNMENT       ; SLD_STATE_FLOW_USE_GENERATED=0                                        ; --            ; --              ; UartDetect ;
; SLD_NODE_PARAMETER_ASSIGNMENT       ; SLD_STATE_BITS=11                                                     ; --            ; --              ; UartDetect ;
; SLD_NODE_PARAMETER_ASSIGNMENT       ; SLD_BUFFER_FULL_STOP=1                                                ; --            ; --              ; UartDetect ;
; SLD_NODE_PARAMETER_ASSIGNMENT       ; SLD_CURRENT_RESOURCE_WIDTH=1                                          ; --            ; --              ; UartDetect ;
; SLD_NODE_PARAMETER_ASSIGNMENT       ; SLD_TRIGGER_IN_ENABLED=0                                              ; --            ; --              ; UartDetect ;
; SLD_NODE_PARAMETER_ASSIGNMENT       ; SLD_TRIGGER_LEVEL_PIPELINE=1                                          ; --            ; --              ; UartDetect ;
; SLD_NODE_PARAMETER_ASSIGNMENT       ; SLD_ENABLE_ADVANCED_TRIGGER=0                                         ; --            ; --              ; UartDetect ;
; SLD_NODE_PARAMETER_ASSIGNMENT       ; SLD_SEGMENT_SIZE=512                                                  ; --            ; --              ; UartDetect ;
; SLD_NODE_PARAMETER_ASSIGNMENT       ; SLD_SAMPLE_DEPTH=512                                                  ; --            ; --              ; UartDetect ;
; SLD_NODE_PARAMETER_ASSIGNMENT       ; SLD_TRIGGER_LEVEL=1                                                   ; --            ; --              ; UartDetect ;
; SLD_NODE_PARAMETER_ASSIGNMENT       ; SLD_ADVANCED_TRIGGER_ENTITY=basic,1,                                  ; --            ; --              ; UartDetect ;
; SLD_NODE_PARAMETER_ASSIGNMENT       ; SLD_STORAGE_QUALIFIER_INVERSION_MASK_LENGTH=0                         ; --            ; --              ; UartDetect ;
; SLD_NODE_PARAMETER_ASSIGNMENT       ; SLD_DATA_BITS=9                                                       ; --            ; --              ; UartDetect ;
; SLD_NODE_PARAMETER_ASSIGNMENT       ; SLD_TRIGGER_BITS=9                                                    ; --            ; --              ; UartDetect ;
; SLD_NODE_PARAMETER_ASSIGNMENT       ; SLD_INVERSION_MASK=00000000000000000000000000000000000000000000000000 ; --            ; --              ; UartDetect ;
; SLD_NODE_PARAMETER_ASSIGNMENT       ; SLD_INVERSION_MASK_LENGTH=50                                          ; --            ; --              ; UartDetect ;
; SLD_NODE_PARAMETER_ASSIGNMENT       ; SLD_NODE_CRC_HIWORD=64941                                             ; --            ; --              ; UartDetect ;
; SLD_NODE_PARAMETER_ASSIGNMENT       ; SLD_NODE_CRC_LOWORD=6655                                              ; --            ; --              ; UartDetect ;
; USE_SIGNALTAP_FILE                  ; output_files/UartStp.stp                                              ; --            ; --              ; --         ;
+-------------------------------------+-----------------------------------------------------------------------+---------------+-----------------+------------+


+-------------------------------------------------------------------------------------------------------------------------------+
; Flow Elapsed Time                                                                                                             ;
+---------------------------+--------------+-------------------------+---------------------+------------------------------------+
; Module Name               ; Elapsed Time ; Average Processors Used ; Peak Virtual Memory ; Total CPU Time (on all processors) ;
+---------------------------+--------------+-------------------------+---------------------+------------------------------------+
; Analysis & Synthesis      ; 00:00:14     ; 1.0                     ; 401 MB              ; 00:00:14                           ;
; Fitter                    ; 00:00:42     ; 1.3                     ; 660 MB              ; 00:00:49                           ;
; Assembler                 ; 00:00:13     ; 1.0                     ; 363 MB              ; 00:00:13                           ;
; TimeQuest Timing Analyzer ; 00:00:10     ; 1.0                     ; 429 MB              ; 00:00:09                           ;
; Total                     ; 00:01:19     ; --                      ; --                  ; 00:01:25                           ;
+---------------------------+--------------+-------------------------+---------------------+------------------------------------+


+----------------------------------------------------------------------------------------+
; Flow OS Summary                                                                        ;
+---------------------------+------------------+-----------+------------+----------------+
; Module Name               ; Machine Hostname ; OS Name   ; OS Version ; Processor type ;
+---------------------------+------------------+-----------+------------+----------------+
; Analysis & Synthesis      ; PrestonZhang-PC  ; Windows 7 ; 6.1        ; x86_64         ;
; Fitter                    ; PrestonZhang-PC  ; Windows 7 ; 6.1        ; x86_64         ;
; Assembler                 ; PrestonZhang-PC  ; Windows 7 ; 6.1        ; x86_64         ;
; TimeQuest Timing Analyzer ; PrestonZhang-PC  ; Windows 7 ; 6.1        ; x86_64         ;
+---------------------------+------------------+-----------+------------+----------------+


------------
; Flow Log ;
------------
quartus_map --read_settings_files=on --write_settings_files=off Em_Robot -c Em_Robot
quartus_fit --read_settings_files=off --write_settings_files=off Em_Robot -c Em_Robot
quartus_asm --read_settings_files=off --write_settings_files=off Em_Robot -c Em_Robot
quartus_sta Em_Robot -c Em_Robot



